<?xml version="1.0" encoding="UTF-8"?>
<testng-results ignored="0" total="1" passed="1" failed="0" skipped="0">
  <reporter-output>
  </reporter-output>
  <suite started-at="2023-03-24T13:42:23 IST" name="Default suite" finished-at="2023-03-24T13:42:42 IST" duration-ms="19461">
    <groups>
    </groups>
    <test started-at="2023-03-24T13:42:23 IST" name="Default test" finished-at="2023-03-24T13:42:42 IST" duration-ms="19461">
      <class name="com.qa.TestCases.TC_PurchaseProduct_ShippingCost_006">
        <test-method is-config="true" signature="setup()[pri:0, instance:com.qa.TestCases.TC_PurchaseProduct_ShippingCost_006@368f2016]" started-at="2023-03-24T13:42:23 IST" name="setup" finished-at="2023-03-24T13:42:28 IST" duration-ms="5160" status="PASS">
          <reporter-output>
          </reporter-output>
        </test-method> <!-- setup -->
        <test-method signature="verifyPurchase()[pri:0, instance:com.qa.TestCases.TC_PurchaseProduct_ShippingCost_006@368f2016]" started-at="2023-03-24T13:42:28 IST" name="verifyPurchase" finished-at="2023-03-24T13:42:42 IST" duration-ms="14179" status="PASS">
          <reporter-output>
          </reporter-output>
        </test-method> <!-- verifyPurchase -->
        <test-method is-config="true" signature="tearDown()[pri:0, instance:com.qa.TestCases.TC_PurchaseProduct_ShippingCost_006@368f2016]" started-at="2023-03-24T13:42:42 IST" name="tearDown" finished-at="2023-03-24T13:42:42 IST" duration-ms="82" status="PASS">
          <reporter-output>
          </reporter-output>
        </test-method> <!-- tearDown -->
      </class> <!-- com.qa.TestCases.TC_PurchaseProduct_ShippingCost_006 -->
    </test> <!-- Default test -->
  </suite> <!-- Default suite -->
</testng-results>
